#
# There is insufficient memory for the Java Runtime Environment to continue.
# Native memory allocation (mmap) failed to map 53477376 bytes for Failed to commit area from 0x0000000712400000 to 0x0000000715700000 of length 53477376.
# Possible reasons:
#   The system is out of physical RAM or swap space
#   The process is running with CompressedOops enabled, and the Java Heap may be blocking the growth of the native heap
# Possible solutions:
#   Reduce memory load on the system
#   Increase physical memory or swap space
#   Check if swap backing store is full
#   Decrease Java heap size (-Xmx/-Xms)
#   Decrease number of Java threads
#   Decrease Java thread stack sizes (-Xss)
#   Set larger code cache with -XX:ReservedCodeCacheSize=
#   JVM is running with Zero Based Compressed Oops mode in which the Java heap is
#     placed in the first 32GB address space. The Java Heap base address is the
#     maximum limit for the native heap growth. Please use -XX:HeapBaseMinAddress
#     to set the Java Heap base and to place the Java Heap above 32GB virtual address.
# This output file may be truncated or incomplete.
#
#  Out of Memory Error (./src/hotspot/os/windows/os_windows.cpp:3301), pid=10228, tid=9424
#
# JRE version: OpenJDK Runtime Environment (11.0.10) (build 11.0.10+0-b96-7249189)
# Java VM: OpenJDK 64-Bit Server VM (11.0.10+0-b96-7249189, mixed mode, tiered, compressed oops, g1 gc, windows-amd64)
# No core dump will be written. Minidumps are not enabled by default on client versions of Windows
#

---------------  S U M M A R Y ------------

Command Line: org.jetbrains.kotlin.cli.jvm.K2JVMCompiler @C:\Users\clemence.nadaud\AndroidStudioProjects\AndroidERestaurant\app\build\20220125_8090750814637694680.compiler.options

Host: Intel(R) Core(TM) i7-8550U CPU @ 1.80GHz, 8 cores, 15G,  Windows 10 , 64 bit Build 19041 (10.0.19041.1466)
Time: Tue Jan 25 18:20:01 2022 Paris, Madrid elapsed time: 3.934887 seconds (0d 0h 0m 3s)

---------------  T H R E A D  ---------------

Current thread (0x00000151412b7000):  VMThread "VM Thread" [stack: 0x0000000c1df00000,0x0000000c1e000000] [id=9424]

Stack: [0x0000000c1df00000,0x0000000c1e000000]
[error occurred during error reporting (printing stack bounds), id 0xc0000005, EXCEPTION_ACCESS_VIOLATION (0xc0000005) at pc=0x00000151254a0f2d]

Native frames: (J=compiled Java code, j=interpreted, Vv=VM code, C=native code)
V  [jvm.dll+0x5ecfaa]
V  [jvm.dll+0x722bd5]
V  [jvm.dll+0x72412d]
V  [jvm.dll+0x724745]
V  [jvm.dll+0x7246fb]
V  [jvm.dll+0x5ec348]
V  [jvm.dll+0x5ecad8]
C  [ntdll.dll+0xa20cf]
C  [ntdll.dll+0x51454]
C  [ntdll.dll+0xa0bfe]
C  0x00000151254a0f2d

VM_Operation (0x0000000c1d9fb4b0): CollectForMetadataAllocation, mode: safepoint, requested by thread 0x00000151219bd800


---------------  P R O C E S S  ---------------

Threads class SMR info:
_java_thread_list=0x000001514699f130, length=11, elements={
0x00000151219bd800, 0x00000151409ee800, 0x00000151409f1000, 0x0000015140a0a000,
0x0000015140a0c000, 0x0000015140a0e800, 0x00000151412d1000, 0x0000015141318800,
0x000001514132c800, 0x00000151414cc800, 0x00000151414bf000
}

Java Threads: ( => current thread )
  0x00000151219bd800 JavaThread "main" [_thread_blocked, id=11172, stack(0x0000000c1d900000,0x0000000c1da00000)]
  0x00000151409ee800 JavaThread "Reference Handler" daemon [_thread_blocked, id=11804, stack(0x0000000c1e000000,0x0000000c1e100000)]
  0x00000151409f1000 JavaThread "Finalizer" daemon [_thread_blocked, id=17912, stack(0x0000000c1e100000,0x0000000c1e200000)]
  0x0000015140a0a000 JavaThread "Signal Dispatcher" daemon [_thread_blocked, id=17220, stack(0x0000000c1e200000,0x0000000c1e300000)]
  0x0000015140a0c000 JavaThread "Attach Listener" daemon [_thread_blocked, id=23080, stack(0x0000000c1e300000,0x0000000c1e400000)]
  0x0000015140a0e800 JavaThread "Service Thread" daemon [_thread_blocked, id=1768, stack(0x0000000c1e400000,0x0000000c1e500000)]
  0x00000151412d1000 JavaThread "C2 CompilerThread0" daemon [_thread_blocked, id=10584, stack(0x0000000c1e500000,0x0000000c1e600000)]
  0x0000015141318800 JavaThread "C1 CompilerThread0" daemon [_thread_blocked, id=17432, stack(0x0000000c1e600000,0x0000000c1e700000)]
  0x000001514132c800 JavaThread "Sweeper thread" daemon [_thread_blocked, id=22376, stack(0x0000000c1e700000,0x0000000c1e800000)]
  0x00000151414cc800 JavaThread "Common-Cleaner" daemon [_thread_blocked, id=5684, stack(0x0000000c1e900000,0x0000000c1ea00000)]
  0x00000151414bf000 JavaThread "C2 CompilerThread1" daemon [_thread_blocked, id=15788, stack(0x0000000c1f000000,0x0000000c1f100000)]

Other Threads:
=>0x00000151412b7000 VMThread "VM Thread" [stack: 0x0000000c1df00000,0x0000000c1e000000] [id=9424]
  0x00000151414bb800 WatcherThread [stack: 0x0000000c1e800000,0x0000000c1e900000] [id=15660]
  0x00000151219d6800 GCTaskThread "GC Thread#0" [stack: 0x0000000c1da00000,0x0000000c1db00000] [id=11648]
  0x0000015141c17800 GCTaskThread "GC Thread#1" [stack: 0x0000000c1eb00000,0x0000000c1ec00000] [id=22112]
  0x00000151417e7800 GCTaskThread "GC Thread#2" [stack: 0x0000000c1ec00000,0x0000000c1ed00000] [id=18340]
  0x0000015141c29000 GCTaskThread "GC Thread#3" [stack: 0x0000000c1ed00000,0x0000000c1ee00000] [id=19824]
  0x0000015141c29800 GCTaskThread "GC Thread#4" [stack: 0x0000000c1ee00000,0x0000000c1ef00000] [id=6300]
  0x0000015141c36800 GCTaskThread "GC Thread#5" [stack: 0x0000000c1ef00000,0x0000000c1f000000] [id=6160]
  0x0000015121a36000 ConcurrentGCThread "G1 Main Marker" [stack: 0x0000000c1db00000,0x0000000c1dc00000] [id=6328]
  0x0000015121a38800 ConcurrentGCThread "G1 Conc#0" [stack: 0x0000000c1dc00000,0x0000000c1dd00000] [id=12856]
  0x00000151426cf800 ConcurrentGCThread "G1 Conc#1" [stack: 0x0000000c1ea00000,0x0000000c1eb00000] [id=12356]
  0x00000151408de000 ConcurrentGCThread "G1 Refine#0" [stack: 0x0000000c1dd00000,0x0000000c1de00000] [id=20764]
  0x0000015145b9d000 ConcurrentGCThread "G1 Refine#1" [stack: 0x0000000c1f200000,0x0000000c1f300000] [id=12260]
  0x0000015145b9e800 ConcurrentGCThread "G1 Refine#2" [stack: 0x0000000c1f300000,0x0000000c1f400000] [id=20864]
  0x00000151408df800 ConcurrentGCThread "G1 Young RemSet Sampling" [stack: 0x0000000c1de00000,0x0000000c1df00000] [id=14428]

Threads with active compile tasks:

VM state:at safepoint (normal execution)

VM Mutex/Monitor currently owned by a thread:  ([mutex/lock_event])
[0x00000151219b97a0] Threads_lock - owner thread: 0x00000151412b7000
[0x00000151219b9f80] Heap_lock - owner thread: 0x00000151219bd800

Heap address: 0x0000000702600000, size: 4058 MB, Compressed Oops mode: Zero based, Oop shift amount: 3
Narrow klass base: 0x0000000800000000, Narrow klass shift: 0
Compressed class space size: 1073741824 Address: 0x0000000800000000

Heap:
 garbage-first heap   total 312320K, used 21078K [0x0000000702600000, 0x0000000800000000)
  region size 1024K, 2 young (2048K), 2 survivors (2048K)
 Metaspace       used 35358K, capacity 35807K, committed 35920K, reserved 1081344K
  class space    used 4379K, capacity 4570K, committed 4608K, reserved 1048576K
Heap Regions: E=young(eden), S=young(survivor), O=old, HS=humongous(starts), HC=humongous(continues), CS=collection set, F=free, A=archive, TAMS=top-at-mark-start (previous, next)
|   0|0x0000000702600000, 0x0000000702700000, 0x0000000702700000|100%|HS|  |TAMS 0x0000000702700000, 0x0000000702700000| Complete 
|   1|0x0000000702700000, 0x0000000702800000, 0x0000000702800000|100%|HC|  |TAMS 0x0000000702800000, 0x0000000702800000| Complete 
|   2|0x0000000702800000, 0x0000000702900000, 0x0000000702900000|100%|HC|  |TAMS 0x0000000702900000, 0x0000000702900000| Complete 
|   3|0x0000000702900000, 0x0000000702a00000, 0x0000000702a00000|100%|HS|  |TAMS 0x0000000702900000, 0x0000000702a00000| Complete 
|   4|0x0000000702a00000, 0x0000000702b00000, 0x0000000702b00000|100%|HC|  |TAMS 0x0000000702a00000, 0x0000000702b00000| Complete 
|   5|0x0000000702b00000, 0x0000000702c00000, 0x0000000702c00000|100%|HC|  |TAMS 0x0000000702b00000, 0x0000000702c00000| Complete 
|   6|0x0000000702c00000, 0x0000000702d00000, 0x0000000702d00000|100%|HS|  |TAMS 0x0000000702c00000, 0x0000000702d00000| Complete 
|   7|0x0000000702d00000, 0x0000000702e00000, 0x0000000702e00000|100%|HC|  |TAMS 0x0000000702d00000, 0x0000000702e00000| Complete 
|   8|0x0000000702e00000, 0x0000000702f00000, 0x0000000702f00000|100%| O|  |TAMS 0x0000000702e00000, 0x0000000702f00000| Untracked 
|   9|0x0000000702f00000, 0x0000000703000000, 0x0000000703000000|100%| O|  |TAMS 0x0000000702f00000, 0x0000000703000000| Untracked 
|  10|0x0000000703000000, 0x0000000703100000, 0x0000000703100000|100%| O|  |TAMS 0x0000000703000000, 0x0000000703100000| Untracked 
|  11|0x0000000703100000, 0x0000000703200000, 0x0000000703200000|100%| O|  |TAMS 0x0000000703100000, 0x0000000703200000| Untracked 
|  12|0x0000000703200000, 0x0000000703300000, 0x0000000703300000|100%| O|  |TAMS 0x0000000703200000, 0x0000000703300000| Untracked 
|  13|0x0000000703300000, 0x0000000703400000, 0x0000000703400000|100%| O|  |TAMS 0x0000000703300000, 0x0000000703400000| Untracked 
|  14|0x0000000703400000, 0x0000000703500000, 0x0000000703500000|100%| O|  |TAMS 0x0000000703400000, 0x0000000703500000| Untracked 
|  15|0x0000000703500000, 0x0000000703600000, 0x0000000703600000|100%| O|  |TAMS 0x0000000703500000, 0x0000000703600000| Untracked 
|  16|0x0000000703600000, 0x0000000703700000, 0x0000000703700000|100%| O|  |TAMS 0x0000000703600000, 0x0000000703700000| Untracked 
|  17|0x0000000703700000, 0x0000000703800000, 0x0000000703800000|100%| O|  |TAMS 0x0000000703700000, 0x0000000703800000| Untracked 
|  18|0x0000000703800000, 0x0000000703900000, 0x0000000703900000|100%| O|  |TAMS 0x0000000703800000, 0x0000000703900000| Untracked 
|  19|0x0000000703900000, 0x0000000703963800, 0x0000000703a00000| 38%| O|  |TAMS 0x0000000703900000, 0x0000000703963800| Untracked 
|  20|0x0000000703a00000, 0x0000000703a00000, 0x0000000703b00000|  0%| F|  |TAMS 0x0000000703a00000, 0x0000000703a00000| Untracked 
|  21|0x0000000703b00000, 0x0000000703b00000, 0x0000000703c00000|  0%| F|  |TAMS 0x0000000703b00000, 0x0000000703b00000| Untracked 
|  22|0x0000000703c00000, 0x0000000703c00000, 0x0000000703d00000|  0%| F|  |TAMS 0x0000000703c00000, 0x0000000703c00000| Untracked 
|  23|0x0000000703d00000, 0x0000000703d00000, 0x0000000703e00000|  0%| F|  |TAMS 0x0000000703d00000, 0x0000000703d00000| Untracked 
|  24|0x0000000703e00000, 0x0000000703e00000, 0x0000000703f00000|  0%| F|  |TAMS 0x0000000703e00000, 0x0000000703e00000| Untracked 
|  25|0x0000000703f00000, 0x0000000703f00000, 0x0000000704000000|  0%| F|  |TAMS 0x0000000703f00000, 0x0000000703f00000| Untracked 
|  26|0x0000000704000000, 0x0000000704000000, 0x0000000704100000|  0%| F|  |TAMS 0x0000000704000000, 0x0000000704000000| Untracked 
|  27|0x0000000704100000, 0x0000000704100000, 0x0000000704200000|  0%| F|  |TAMS 0x0000000704100000, 0x0000000704100000| Untracked 
|  28|0x0000000704200000, 0x0000000704200000, 0x0000000704300000|  0%| F|  |TAMS 0x0000000704200000, 0x0000000704200000| Untracked 
|  29|0x0000000704300000, 0x0000000704300000, 0x0000000704400000|  0%| F|  |TAMS 0x0000000704300000, 0x0000000704300000| Untracked 
|  30|0x0000000704400000, 0x0000000704400000, 0x0000000704500000|  0%| F|  |TAMS 0x0000000704400000, 0x0000000704400000| Untracked 
|  31|0x0000000704500000, 0x0000000704500000, 0x0000000704600000|  0%| F|  |TAMS 0x0000000704500000, 0x0000000704500000| Untracked 
|  32|0x0000000704600000, 0x0000000704600000, 0x0000000704700000|  0%| F|  |TAMS 0x0000000704600000, 0x0000000704600000| Untracked 
|  33|0x0000000704700000, 0x0000000704700000, 0x0000000704800000|  0%| F|  |TAMS 0x0000000704700000, 0x0000000704700000| Untracked 
|  34|0x0000000704800000, 0x0000000704800000, 0x0000000704900000|  0%| F|  |TAMS 0x0000000704800000, 0x0000000704800000| Untracked 
|  35|0x0000000704900000, 0x0000000704900000, 0x0000000704a00000|  0%| F|  |TAMS 0x0000000704900000, 0x0000000704900000| Untracked 
|  36|0x0000000704a00000, 0x0000000704a00000, 0x0000000704b00000|  0%| F|  |TAMS 0x0000000704a00000, 0x0000000704a00000| Untracked 
|  37|0x0000000704b00000, 0x0000000704b00000, 0x0000000704c00000|  0%| F|  |TAMS 0x0000000704b00000, 0x0000000704b00000| Untracked 
|  38|0x0000000704c00000, 0x0000000704c00000, 0x0000000704d00000|  0%| F|  |TAMS 0x0000000704c00000, 0x0000000704c00000| Untracked 
|  39|0x0000000704d00000, 0x0000000704d00000, 0x0000000704e00000|  0%| F|  |TAMS 0x0000000704d00000, 0x0000000704d00000| Untracked 
|  40|0x0000000704e00000, 0x0000000704e00000, 0x0000000704f00000|  0%| F|  |TAMS 0x0000000704e00000, 0x0000000704e00000| Untracked 
|  41|0x0000000704f00000, 0x0000000704f00000, 0x0000000705000000|  0%| F|  |TAMS 0x0000000704f00000, 0x0000000704f00000| Untracked 
|  42|0x0000000705000000, 0x0000000705000000, 0x0000000705100000|  0%| F|  |TAMS 0x0000000705000000, 0x0000000705000000| Untracked 
|  43|0x0000000705100000, 0x0000000705100000, 0x0000000705200000|  0%| F|  |TAMS 0x0000000705100000, 0x0000000705100000| Untracked 
|  44|0x0000000705200000, 0x0000000705200000, 0x0000000705300000|  0%| F|  |TAMS 0x0000000705200000, 0x0000000705200000| Untracked 
|  45|0x0000000705300000, 0x0000000705300000, 0x0000000705400000|  0%| F|  |TAMS 0x0000000705300000, 0x0000000705300000| Untracked 
|  46|0x0000000705400000, 0x0000000705400000, 0x0000000705500000|  0%| F|  |TAMS 0x0000000705400000, 0x0000000705400000| Untracked 
|  47|0x0000000705500000, 0x0000000705500000, 0x0000000705600000|  0%| F|  |TAMS 0x0000000705500000, 0x0000000705500000| Untracked 
|  48|0x0000000705600000, 0x0000000705600000, 0x0000000705700000|  0%| F|  |TAMS 0x0000000705600000, 0x0000000705600000| Untracked 
|  49|0x0000000705700000, 0x0000000705700000, 0x0000000705800000|  0%| F|  |TAMS 0x0000000705700000, 0x0000000705700000| Untracked 
|  50|0x0000000705800000, 0x0000000705800000, 0x0000000705900000|  0%| F|  |TAMS 0x0000000705800000, 0x0000000705800000| Untracked 
|  51|0x0000000705900000, 0x0000000705900000, 0x0000000705a00000|  0%| F|  |TAMS 0x0000000705900000, 0x0000000705900000| Untracked 
|  52|0x0000000705a00000, 0x0000000705a00000, 0x0000000705b00000|  0%| F|  |TAMS 0x0000000705a00000, 0x0000000705a00000| Untracked 
|  53|0x0000000705b00000, 0x0000000705b00000, 0x0000000705c00000|  0%| F|  |TAMS 0x0000000705b00000, 0x0000000705b00000| Untracked 
|  54|0x0000000705c00000, 0x0000000705c00000, 0x0000000705d00000|  0%| F|  |TAMS 0x0000000705c00000, 0x0000000705c00000| Untracked 
|  55|0x0000000705d00000, 0x0000000705d00000, 0x0000000705e00000|  0%| F|  |TAMS 0x0000000705d00000, 0x0000000705d00000| Untracked 
|  56|0x0000000705e00000, 0x0000000705e00000, 0x0000000705f00000|  0%| F|  |TAMS 0x0000000705e00000, 0x0000000705e00000| Untracked 
|  57|0x0000000705f00000, 0x0000000705f00000, 0x0000000706000000|  0%| F|  |TAMS 0x0000000705f00000, 0x0000000705f00000| Untracked 
|  58|0x0000000706000000, 0x0000000706000000, 0x0000000706100000|  0%| F|  |TAMS 0x0000000706000000, 0x0000000706000000| Untracked 
|  59|0x0000000706100000, 0x0000000706100000, 0x0000000706200000|  0%| F|  |TAMS 0x0000000706100000, 0x0000000706100000| Untracked 
|  60|0x0000000706200000, 0x0000000706200000, 0x0000000706300000|  0%| F|  |TAMS 0x0000000706200000, 0x0000000706200000| Untracked 
|  61|0x0000000706300000, 0x0000000706300000, 0x0000000706400000|  0%| F|  |TAMS 0x0000000706300000, 0x0000000706300000| Untracked 
|  62|0x0000000706400000, 0x0000000706400000, 0x0000000706500000|  0%| F|  |TAMS 0x0000000706400000, 0x0000000706400000| Untracked 
|  63|0x0000000706500000, 0x0000000706500000, 0x0000000706600000|  0%| F|  |TAMS 0x0000000706500000, 0x0000000706500000| Untracked 
|  64|0x0000000706600000, 0x0000000706600000, 0x0000000706700000|  0%| F|  |TAMS 0x0000000706600000, 0x0000000706600000| Untracked 
|  65|0x0000000706700000, 0x0000000706700000, 0x0000000706800000|  0%| F|  |TAMS 0x0000000706700000, 0x0000000706700000| Untracked 
|  66|0x0000000706800000, 0x0000000706800000, 0x0000000706900000|  0%| F|  |TAMS 0x0000000706800000, 0x0000000706800000| Untracked 
|  67|0x0000000706900000, 0x0000000706900000, 0x0000000706a00000|  0%| F|  |TAMS 0x0000000706900000, 0x0000000706900000| Untracked 
|  68|0x0000000706a00000, 0x0000000706a00000, 0x0000000706b00000|  0%| F|  |TAMS 0x0000000706a00000, 0x0000000706a00000| Untracked 
|  69|0x0000000706b00000, 0x0000000706b00000, 0x0000000706c00000|  0%| F|  |TAMS 0x0000000706b00000, 0x0000000706b00000| Untracked 
|  70|0x0000000706c00000, 0x0000000706c00000, 0x0000000706d00000|  0%| F|  |TAMS 0x0000000706c00000, 0x0000000706c00000| Untracked 
|  71|0x0000000706d00000, 0x0000000706d00000, 0x0000000706e00000|  0%| F|  |TAMS 0x0000000706d00000, 0x0000000706d00000| Untracked 
|  72|0x0000000706e00000, 0x0000000706e00000, 0x0000000706f00000|  0%| F|  |TAMS 0x0000000706e00000, 0x0000000706e00000| Untracked 
|  73|0x0000000706f00000, 0x0000000706f00000, 0x0000000707000000|  0%| F|  |TAMS 0x0000000706f00000, 0x0000000706f00000| Untracked 
|  74|0x0000000707000000, 0x0000000707000000, 0x0000000707100000|  0%| F|  |TAMS 0x0000000707000000, 0x0000000707000000| Untracked 
|  75|0x0000000707100000, 0x0000000707100000, 0x0000000707200000|  0%| F|  |TAMS 0x0000000707100000, 0x0000000707100000| Untracked 
|  76|0x0000000707200000, 0x0000000707200000, 0x0000000707300000|  0%| F|  |TAMS 0x0000000707200000, 0x0000000707200000| Untracked 
|  77|0x0000000707300000, 0x0000000707300000, 0x0000000707400000|  0%| F|  |TAMS 0x0000000707300000, 0x0000000707300000| Untracked 
|  78|0x0000000707400000, 0x0000000707400000, 0x0000000707500000|  0%| F|  |TAMS 0x0000000707400000, 0x0000000707400000| Untracked 
|  79|0x0000000707500000, 0x0000000707500000, 0x0000000707600000|  0%| F|  |TAMS 0x0000000707500000, 0x0000000707500000| Untracked 
|  80|0x0000000707600000, 0x0000000707600000, 0x0000000707700000|  0%| F|  |TAMS 0x0000000707600000, 0x0000000707600000| Untracked 
|  81|0x0000000707700000, 0x0000000707700000, 0x0000000707800000|  0%| F|  |TAMS 0x0000000707700000, 0x0000000707700000| Untracked 
|  82|0x0000000707800000, 0x0000000707800000, 0x0000000707900000|  0%| F|  |TAMS 0x0000000707800000, 0x0000000707800000| Untracked 
|  83|0x0000000707900000, 0x0000000707900000, 0x0000000707a00000|  0%| F|  |TAMS 0x0000000707900000, 0x0000000707900000| Untracked 
|  84|0x0000000707a00000, 0x0000000707a00000, 0x0000000707b00000|  0%| F|  |TAMS 0x0000000707a00000, 0x0000000707a00000| Untracked 
|  85|0x0000000707b00000, 0x0000000707b00000, 0x0000000707c00000|  0%| F|  |TAMS 0x0000000707b00000, 0x0000000707b00000| Untracked 
|  86|0x0000000707c00000, 0x0000000707c00000, 0x0000000707d00000|  0%| F|  |TAMS 0x0000000707c00000, 0x0000000707c00000| Untracked 
|  87|0x0000000707d00000, 0x0000000707d00000, 0x0000000707e00000|  0%| F|  |TAMS 0x0000000707d00000, 0x0000000707d00000| Untracked 
|  88|0x0000000707e00000, 0x0000000707e00000, 0x0000000707f00000|  0%| F|  |TAMS 0x0000000707e00000, 0x0000000707e00000| Untracked 
|  89|0x0000000707f00000, 0x0000000707f00000, 0x0000000708000000|  0%| F|  |TAMS 0x0000000707f00000, 0x0000000707f00000| Untracked 
|  90|0x0000000708000000, 0x0000000708000000, 0x0000000708100000|  0%| F|  |TAMS 0x0000000708000000, 0x0000000708000000| Untracked 
|  91|0x0000000708100000, 0x0000000708100000, 0x0000000708200000|  0%| F|  |TAMS 0x0000000708100000, 0x0000000708100000| Untracked 
|  92|0x0000000708200000, 0x0000000708200000, 0x0000000708300000|  0%| F|  |TAMS 0x0000000708200000, 0x0000000708200000| Untracked 
|  93|0x0000000708300000, 0x0000000708300000, 0x0000000708400000|  0%| F|  |TAMS 0x0000000708300000, 0x0000000708300000| Untracked 
|  94|0x0000000708400000, 0x0000000708400000, 0x0000000708500000|  0%| F|  |TAMS 0x0000000708400000, 0x0000000708400000| Untracked 
|  95|0x0000000708500000, 0x0000000708500000, 0x0000000708600000|  0%| F|  |TAMS 0x0000000708500000, 0x0000000708500000| Untracked 
|  96|0x0000000708600000, 0x0000000708600000, 0x0000000708700000|  0%| F|  |TAMS 0x0000000708600000, 0x0000000708600000| Untracked 
|  97|0x0000000708700000, 0x0000000708700000, 0x0000000708800000|  0%| F|  |TAMS 0x0000000708700000, 0x0000000708700000| Untracked 
|  98|0x0000000708800000, 0x0000000708800000, 0x0000000708900000|  0%| F|  |TAMS 0x0000000708800000, 0x0000000708800000| Untracked 
|  99|0x0000000708900000, 0x0000000708900000, 0x0000000708a00000|  0%| F|  |TAMS 0x0000000708900000, 0x0000000708900000| Untracked 
| 100|0x0000000708a00000, 0x0000000708a00000, 0x0000000708b00000|  0%| F|  |TAMS 0x0000000708a00000, 0x0000000708a00000| Untracked 
| 101|0x0000000708b00000, 0x0000000708b00000, 0x0000000708c00000|  0%| F|  |TAMS 0x0000000708b00000, 0x0000000708b00000| Untracked 
| 102|0x0000000708c00000, 0x0000000708c00000, 0x0000000708d00000|  0%| F|  |TAMS 0x0000000708c00000, 0x0000000708c00000| Untracked 
| 103|0x0000000708d00000, 0x0000000708d00000, 0x0000000708e00000|  0%| F|  |TAMS 0x0000000708d00000, 0x0000000708d00000| Untracked 
| 104|0x0000000708e00000, 0x0000000708e00000, 0x0000000708f00000|  0%| F|  |TAMS 0x0000000708e00000, 0x0000000708e00000| Untracked 
| 105|0x0000000708f00000, 0x0000000708f00000, 0x0000000709000000|  0%| F|  |TAMS 0x0000000708f00000, 0x0000000708f00000| Untracked 
| 106|0x0000000709000000, 0x0000000709000000, 0x0000000709100000|  0%| F|  |TAMS 0x0000000709000000, 0x0000000709000000| Untracked 
| 107|0x0000000709100000, 0x0000000709100000, 0x0000000709200000|  0%| F|  |TAMS 0x0000000709100000, 0x0000000709100000| Untracked 
| 108|0x0000000709200000, 0x0000000709200000, 0x0000000709300000|  0%| F|  |TAMS 0x0000000709200000, 0x0000000709200000| Untracked 
| 109|0x0000000709300000, 0x0000000709300000, 0x0000000709400000|  0%| F|  |TAMS 0x0000000709300000, 0x0000000709300000| Untracked 
| 110|0x0000000709400000, 0x0000000709400000, 0x0000000709500000|  0%| F|  |TAMS 0x0000000709400000, 0x0000000709400000| Untracked 
| 111|0x0000000709500000, 0x0000000709500000, 0x0000000709600000|  0%| F|  |TAMS 0x0000000709500000, 0x0000000709500000| Untracked 
| 112|0x0000000709600000, 0x0000000709600000, 0x0000000709700000|  0%| F|  |TAMS 0x0000000709600000, 0x0000000709600000| Untracked 
| 113|0x0000000709700000, 0x0000000709700000, 0x0000000709800000|  0%| F|  |TAMS 0x0000000709700000, 0x0000000709700000| Untracked 
| 114|0x0000000709800000, 0x0000000709800000, 0x0000000709900000|  0%| F|  |TAMS 0x0000000709800000, 0x0000000709800000| Untracked 
| 115|0x0000000709900000, 0x0000000709900000, 0x0000000709a00000|  0%| F|  |TAMS 0x0000000709900000, 0x0000000709900000| Untracked 
| 116|0x0000000709a00000, 0x0000000709a00000, 0x0000000709b00000|  0%| F|  |TAMS 0x0000000709a00000, 0x0000000709a00000| Untracked 
| 117|0x0000000709b00000, 0x0000000709b00000, 0x0000000709c00000|  0%| F|  |TAMS 0x0000000709b00000, 0x0000000709b00000| Untracked 
| 118|0x0000000709c00000, 0x0000000709c00000, 0x0000000709d00000|  0%| F|  |TAMS 0x0000000709c00000, 0x0000000709c00000| Untracked 
| 119|0x0000000709d00000, 0x0000000709d00000, 0x0000000709e00000|  0%| F|  |TAMS 0x0000000709d00000, 0x0000000709d00000| Untracked 
| 120|0x0000000709e00000, 0x0000000709e00000, 0x0000000709f00000|  0%| F|  |TAMS 0x0000000709e00000, 0x0000000709e00000| Untracked 
| 121|0x0000000709f00000, 0x0000000709f00000, 0x000000070a000000|  0%| F|  |TAMS 0x0000000709f00000, 0x0000000709f00000| Untracked 
| 122|0x000000070a000000, 0x000000070a000000, 0x000000070a100000|  0%| F|  |TAMS 0x000000070a000000, 0x000000070a000000| Untracked 
| 123|0x000000070a100000, 0x000000070a100000, 0x000000070a200000|  0%| F|  |TAMS 0x000000070a100000, 0x000000070a100000| Untracked 
| 124|0x000000070a200000, 0x000000070a200000, 0x000000070a300000|  0%| F|  |TAMS 0x000000070a200000, 0x000000070a200000| Untracked 
| 125|0x000000070a300000, 0x000000070a300000, 0x000000070a400000|  0%| F|  |TAMS 0x000000070a300000, 0x000000070a300000| Untracked 
| 126|0x000000070a400000, 0x000000070a400000, 0x000000070a500000|  0%| F|  |TAMS 0x000000070a400000, 0x000000070a400000| Untracked 
| 127|0x000000070a500000, 0x000000070a500000, 0x000000070a600000|  0%| F|  |TAMS 0x000000070a500000, 0x000000070a500000| Untracked 
| 128|0x000000070a600000, 0x000000070a600000, 0x000000070a700000|  0%| F|  |TAMS 0x000000070a600000, 0x000000070a600000| Untracked 
| 129|0x000000070a700000, 0x000000070a700000, 0x000000070a800000|  0%| F|  |TAMS 0x000000070a700000, 0x000000070a700000| Untracked 
| 130|0x000000070a800000, 0x000000070a800000, 0x000000070a900000|  0%| F|  |TAMS 0x000000070a800000, 0x000000070a800000| Untracked 
| 131|0x000000070a900000, 0x000000070a900000, 0x000000070aa00000|  0%| F|  |TAMS 0x000000070a900000, 0x000000070a900000| Untracked 
| 132|0x000000070aa00000, 0x000000070aa00000, 0x000000070ab00000|  0%| F|  |TAMS 0x000000070aa00000, 0x000000070aa00000| Untracked 
| 133|0x000000070ab00000, 0x000000070ab00000, 0x000000070ac00000|  0%| F|  |TAMS 0x000000070ab00000, 0x000000070ab00000| Untracked 
| 134|0x000000070ac00000, 0x000000070ac00000, 0x000000070ad00000|  0%| F|  |TAMS 0x000000070ac00000, 0x000000070ac00000| Untracked 
| 135|0x000000070ad00000, 0x000000070ad00000, 0x000000070ae00000|  0%| F|  |TAMS 0x000000070ad00000, 0x000000070ad00000| Untracked 
| 136|0x000000070ae00000, 0x000000070ae00000, 0x000000070af00000|  0%| F|  |TAMS 0x000000070ae00000, 0x000000070ae00000| Untracked 
| 137|0x000000070af00000, 0x000000070af00000, 0x000000070b000000|  0%| F|  |TAMS 0x000000070af00000, 0x000000070af00000| Untracked 
| 138|0x000000070b000000, 0x000000070b000000, 0x000000070b100000|  0%| F|  |TAMS 0x000000070b000000, 0x000000070b000000| Untracked 
| 139|0x000000070b100000, 0x000000070b100000, 0x000000070b200000|  0%| F|  |TAMS 0x000000070b100000, 0x000000070b100000| Untracked 
| 140|0x000000070b200000, 0x000000070b200000, 0x000000070b300000|  0%| F|  |TAMS 0x000000070b200000, 0x000000070b200000| Untracked 
| 141|0x000000070b300000, 0x000000070b300000, 0x000000070b400000|  0%| F|  |TAMS 0x000000070b300000, 0x000000070b300000| Untracked 
| 142|0x000000070b400000, 0x000000070b400000, 0x000000070b500000|  0%| F|  |TAMS 0x000000070b400000, 0x000000070b400000| Untracked 
| 143|0x000000070b500000, 0x000000070b500000, 0x000000070b600000|  0%| F|  |TAMS 0x000000070b500000, 0x000000070b500000| Untracked 
| 144|0x000000070b600000, 0x000000070b600000, 0x000000070b700000|  0%| F|  |TAMS 0x000000070b600000, 0x000000070b600000| Untracked 
| 145|0x000000070b700000, 0x000000070b700000, 0x000000070b800000|  0%| F|  |TAMS 0x000000070b700000, 0x000000070b700000| Untracked 
| 146|0x000000070b800000, 0x000000070b800000, 0x000000070b900000|  0%| F|  |TAMS 0x000000070b800000, 0x000000070b800000| Untracked 
| 147|0x000000070b900000, 0x000000070b900000, 0x000000070ba00000|  0%| F|  |TAMS 0x000000070b900000, 0x000000070b900000| Untracked 
| 148|0x000000070ba00000, 0x000000070ba00000, 0x000000070bb00000|  0%| F|  |TAMS 0x000000070ba00000, 0x000000070ba00000| Untracked 
| 149|0x000000070bb00000, 0x000000070bb00000, 0x000000070bc00000|  0%| F|  |TAMS 0x000000070bb00000, 0x000000070bb00000| Untracked 
| 150|0x000000070bc00000, 0x000000070bc00000, 0x000000070bd00000|  0%| F|  |TAMS 0x000000070bc00000, 0x000000070bc00000| Untracked 
| 151|0x000000070bd00000, 0x000000070bd00000, 0x000000070be00000|  0%| F|  |TAMS 0x000000070bd00000, 0x000000070bd00000| Untracked 
| 152|0x000000070be00000, 0x000000070be00000, 0x000000070bf00000|  0%| F|  |TAMS 0x000000070be00000, 0x000000070be00000| Untracked 
| 153|0x000000070bf00000, 0x000000070bf00000, 0x000000070c000000|  0%| F|  |TAMS 0x000000070bf00000, 0x000000070bf00000| Untracked 
| 154|0x000000070c000000, 0x000000070c000000, 0x000000070c100000|  0%| F|  |TAMS 0x000000070c000000, 0x000000070c000000| Untracked 
| 155|0x000000070c100000, 0x000000070c100000, 0x000000070c200000|  0%| F|  |TAMS 0x000000070c100000, 0x000000070c100000| Untracked 
| 156|0x000000070c200000, 0x000000070c200000, 0x000000070c300000|  0%| F|  |TAMS 0x000000070c200000, 0x000000070c200000| Untracked 
| 157|0x000000070c300000, 0x000000070c300000, 0x000000070c400000|  0%| F|  |TAMS 0x000000070c300000, 0x000000070c300000| Untracked 
| 158|0x000000070c400000, 0x000000070c400000, 0x000000070c500000|  0%| F|  |TAMS 0x000000070c400000, 0x000000070c400000| Untracked 
| 159|0x000000070c500000, 0x000000070c500000, 0x000000070c600000|  0%| F|  |TAMS 0x000000070c500000, 0x000000070c500000| Untracked 
| 160|0x000000070c600000, 0x000000070c600000, 0x000000070c700000|  0%| F|  |TAMS 0x000000070c600000, 0x000000070c600000| Untracked 
| 161|0x000000070c700000, 0x000000070c700000, 0x000000070c800000|  0%| F|  |TAMS 0x000000070c700000, 0x000000070c700000| Untracked 
| 162|0x000000070c800000, 0x000000070c800000, 0x000000070c900000|  0%| F|  |TAMS 0x000000070c800000, 0x000000070c800000| Untracked 
| 163|0x000000070c900000, 0x000000070c900000, 0x000000070ca00000|  0%| F|  |TAMS 0x000000070c900000, 0x000000070c900000| Untracked 
| 164|0x000000070ca00000, 0x000000070ca00000, 0x000000070cb00000|  0%| F|  |TAMS 0x000000070ca00000, 0x000000070ca00000| Untracked 
| 165|0x000000070cb00000, 0x000000070cb00000, 0x000000070cc00000|  0%| F|  |TAMS 0x000000070cb00000, 0x000000070cb00000| Untracked 
| 166|0x000000070cc00000, 0x000000070cc00000, 0x000000070cd00000|  0%| F|  |TAMS 0x000000070cc00000, 0x000000070cc00000| Untracked 
| 167|0x000000070cd00000, 0x000000070cd00000, 0x000000070ce00000|  0%| F|  |TAMS 0x000000070cd00000, 0x000000070cd00000| Untracked 
| 168|0x000000070ce00000, 0x000000070ce00000, 0x000000070cf00000|  0%| F|  |TAMS 0x000000070ce00000, 0x000000070ce00000| Untracked 
| 169|0x000000070cf00000, 0x000000070cf00000, 0x000000070d000000|  0%| F|  |TAMS 0x000000070cf00000, 0x000000070cf00000| Untracked 
| 170|0x000000070d000000, 0x000000070d000000, 0x000000070d100000|  0%| F|  |TAMS 0x000000070d000000, 0x000000070d000000| Untracked 
| 171|0x000000070d100000, 0x000000070d100000, 0x000000070d200000|  0%| F|  |TAMS 0x000000070d100000, 0x000000070d100000| Untracked 
| 172|0x000000070d200000, 0x000000070d200000, 0x000000070d300000|  0%| F|  |TAMS 0x000000070d200000, 0x000000070d200000| Untracked 
| 173|0x000000070d300000, 0x000000070d300000, 0x000000070d400000|  0%| F|  |TAMS 0x000000070d300000, 0x000000070d300000| Untracked 
| 174|0x000000070d400000, 0x000000070d400000, 0x000000070d500000|  0%| F|  |TAMS 0x000000070d400000, 0x000000070d400000| Untracked 
| 175|0x000000070d500000, 0x000000070d500000, 0x000000070d600000|  0%| F|  |TAMS 0x000000070d500000, 0x000000070d500000| Untracked 
| 176|0x000000070d600000, 0x000000070d600000, 0x000000070d700000|  0%| F|  |TAMS 0x000000070d600000, 0x000000070d600000| Untracked 
| 177|0x000000070d700000, 0x000000070d700000, 0x000000070d800000|  0%| F|  |TAMS 0x000000070d700000, 0x000000070d700000| Untracked 
| 178|0x000000070d800000, 0x000000070d800000, 0x000000070d900000|  0%| F|  |TAMS 0x000000070d800000, 0x000000070d800000| Untracked 
| 179|0x000000070d900000, 0x000000070d900000, 0x000000070da00000|  0%| F|  |TAMS 0x000000070d900000, 0x000000070d900000| Untracked 
| 180|0x000000070da00000, 0x000000070da00000, 0x000000070db00000|  0%| F|  |TAMS 0x000000070da00000, 0x000000070da00000| Untracked 
| 181|0x000000070db00000, 0x000000070db00000, 0x000000070dc00000|  0%| F|  |TAMS 0x000000070db00000, 0x000000070db00000| Untracked 
| 182|0x000000070dc00000, 0x000000070dc00000, 0x000000070dd00000|  0%| F|  |TAMS 0x000000070dc00000, 0x000000070dc00000| Untracked 
| 183|0x000000070dd00000, 0x000000070dd00000, 0x000000070de00000|  0%| F|  |TAMS 0x000000070dd00000, 0x000000070dd00000| Untracked 
| 184|0x000000070de00000, 0x000000070de00000, 0x000000070df00000|  0%| F|  |TAMS 0x000000070de00000, 0x000000070de00000| Untracked 
| 185|0x000000070df00000, 0x000000070df00000, 0x000000070e000000|  0%| F|  |TAMS 0x000000070df00000, 0x000000070df00000| Untracked 
| 186|0x000000070e000000, 0x000000070e000000, 0x000000070e100000|  0%| F|  |TAMS 0x000000070e000000, 0x000000070e000000| Untracked 
| 187|0x000000070e100000, 0x000000070e100000, 0x000000070e200000|  0%| F|  |TAMS 0x000000070e100000, 0x000000070e100000| Untracked 
| 188|0x000000070e200000, 0x000000070e200000, 0x000000070e300000|  0%| F|  |TAMS 0x000000070e200000, 0x000000070e200000| Untracked 
| 189|0x000000070e300000, 0x000000070e300000, 0x000000070e400000|  0%| F|  |TAMS 0x000000070e300000, 0x000000070e300000| Untracked 
| 190|0x000000070e400000, 0x000000070e400000, 0x000000070e500000|  0%| F|  |TAMS 0x000000070e400000, 0x000000070e400000| Untracked 
| 191|0x000000070e500000, 0x000000070e500000, 0x000000070e600000|  0%| F|  |TAMS 0x000000070e500000, 0x000000070e500000| Untracked 
| 192|0x000000070e600000, 0x000000070e600000, 0x000000070e700000|  0%| F|  |TAMS 0x000000070e600000, 0x000000070e600000| Untracked 
| 193|0x000000070e700000, 0x000000070e700000, 0x000000070e800000|  0%| F|  |TAMS 0x000000070e700000, 0x000000070e700000| Untracked 
| 194|0x000000070e800000, 0x000000070e800000, 0x000000070e900000|  0%| F|  |TAMS 0x000000070e800000, 0x000000070e800000| Untracked 
| 195|0x000000070e900000, 0x000000070e900000, 0x000000070ea00000|  0%| F|  |TAMS 0x000000070e900000, 0x000000070e900000| Untracked 
| 196|0x000000070ea00000, 0x000000070ea00000, 0x000000070eb00000|  0%| F|  |TAMS 0x000000070ea00000, 0x000000070ea00000| Untracked 
| 197|0x000000070eb00000, 0x000000070eb00000, 0x000000070ec00000|  0%| F|  |TAMS 0x000000070eb00000, 0x000000070eb00000| Untracked 
| 198|0x000000070ec00000, 0x000000070ec00000, 0x000000070ed00000|  0%| F|  |TAMS 0x000000070ec00000, 0x000000070ec00000| Untracked 
| 199|0x000000070ed00000, 0x000000070ed00000, 0x000000070ee00000|  0%| F|  |TAMS 0x000000070ed00000, 0x000000070ed00000| Untracked 
| 200|0x000000070ee00000, 0x000000070ee00000, 0x000000070ef00000|  0%| F|  |TAMS 0x000000070ee00000, 0x000000070ee00000| Untracked 
| 201|0x000000070ef00000, 0x000000070ef00000, 0x000000070f000000|  0%| F|  |TAMS 0x000000070ef00000, 0x000000070ef00000| Untracked 
| 202|0x000000070f000000, 0x000000070f000000, 0x000000070f100000|  0%| F|  |TAMS 0x000000070f000000, 0x000000070f000000| Untracked 
| 203|0x000000070f100000, 0x000000070f100000, 0x000000070f200000|  0%| F|  |TAMS 0x000000070f100000, 0x000000070f100000| Untracked 
| 204|0x000000070f200000, 0x000000070f200000, 0x000000070f300000|  0%| F|  |TAMS 0x000000070f200000, 0x000000070f200000| Untracked 
| 205|0x000000070f300000, 0x000000070f300000, 0x000000070f400000|  0%| F|  |TAMS 0x000000070f300000, 0x000000070f300000| Untracked 
| 206|0x000000070f400000, 0x000000070f400000, 0x000000070f500000|  0%| F|  |TAMS 0x000000070f400000, 0x000000070f400000| Untracked 
| 207|0x000000070f500000, 0x000000070f500000, 0x000000070f600000|  0%| F|  |TAMS 0x000000070f500000, 0x000000070f500000| Untracked 
| 208|0x000000070f600000, 0x000000070f600000, 0x000000070f700000|  0%| F|  |TAMS 0x000000070f600000, 0x000000070f600000| Untracked 
| 209|0x000000070f700000, 0x000000070f700000, 0x000000070f800000|  0%| F|  |TAMS 0x000000070f700000, 0x000000070f700000| Untracked 
| 210|0x000000070f800000, 0x000000070f800000, 0x000000070f900000|  0%| F|  |TAMS 0x000000070f800000, 0x000000070f800000| Untracked 
| 211|0x000000070f900000, 0x000000070f900000, 0x000000070fa00000|  0%| F|  |TAMS 0x000000070f900000, 0x000000070f900000| Untracked 
| 212|0x000000070fa00000, 0x000000070fa00000, 0x000000070fb00000|  0%| F|  |TAMS 0x000000070fa00000, 0x000000070fa00000| Untracked 
| 213|0x000000070fb00000, 0x000000070fb00000, 0x000000070fc00000|  0%| F|  |TAMS 0x000000070fb00000, 0x000000070fb00000| Untracked 
| 214|0x000000070fc00000, 0x000000070fc00000, 0x000000070fd00000|  0%| F|  |TAMS 0x000000070fc00000, 0x000000070fc00000| Untracked 
| 215|0x000000070fd00000, 0x000000070fd00000, 0x000000070fe00000|  0%| F|  |TAMS 0x000000070fd00000, 0x000000070fd00000| Untracked 
| 216|0x000000070fe00000, 0x000000070fe00000, 0x000000070ff00000|  0%| F|  |TAMS 0x000000070fe00000, 0x000000070fe00000| Untracked 
| 217|0x000000070ff00000, 0x000000070ff00000, 0x0000000710000000|  0%| F|  |TAMS 0x000000070ff00000, 0x000000070ff00000| Untracked 
| 218|0x0000000710000000, 0x0000000710000000, 0x0000000710100000|  0%| F|  |TAMS 0x0000000710000000, 0x0000000710000000| Untracked 
| 219|0x0000000710100000, 0x0000000710100000, 0x0000000710200000|  0%| F|  |TAMS 0x0000000710100000, 0x0000000710100000| Untracked 
| 220|0x0000000710200000, 0x0000000710200000, 0x0000000710300000|  0%| F|  |TAMS 0x0000000710200000, 0x0000000710200000| Untracked 
| 221|0x0000000710300000, 0x0000000710300000, 0x0000000710400000|  0%| F|  |TAMS 0x0000000710300000, 0x0000000710300000| Untracked 
| 222|0x0000000710400000, 0x0000000710400000, 0x0000000710500000|  0%| F|  |TAMS 0x0000000710400000, 0x0000000710400000| Untracked 
| 223|0x0000000710500000, 0x0000000710500000, 0x0000000710600000|  0%| F|  |TAMS 0x0000000710500000, 0x0000000710500000| Untracked 
| 224|0x0000000710600000, 0x0000000710600000, 0x0000000710700000|  0%| F|  |TAMS 0x0000000710600000, 0x0000000710600000| Untracked 
| 225|0x0000000710700000, 0x0000000710700000, 0x0000000710800000|  0%| F|  |TAMS 0x0000000710700000, 0x0000000710700000| Untracked 
| 226|0x0000000710800000, 0x0000000710800000, 0x0000000710900000|  0%| F|  |TAMS 0x0000000710800000, 0x0000000710800000| Untracked 
| 227|0x0000000710900000, 0x0000000710900000, 0x0000000710a00000|  0%| F|  |TAMS 0x0000000710900000, 0x0000000710900000| Untracked 
| 228|0x0000000710a00000, 0x0000000710a00000, 0x0000000710b00000|  0%| F|  |TAMS 0x0000000710a00000, 0x0000000710a00000| Untracked 
| 229|0x0000000710b00000, 0x0000000710b00000, 0x0000000710c00000|  0%| F|  |TAMS 0x0000000710b00000, 0x0000000710b00000| Untracked 
| 230|0x0000000710c00000, 0x0000000710c00000, 0x0000000710d00000|  0%| F|  |TAMS 0x0000000710c00000, 0x0000000710c00000| Untracked 
| 231|0x0000000710d00000, 0x0000000710d00000, 0x0000000710e00000|  0%| F|  |TAMS 0x0000000710d00000, 0x0000000710d00000| Untracked 
| 232|0x0000000710e00000, 0x0000000710e00000, 0x0000000710f00000|  0%| F|  |TAMS 0x0000000710e00000, 0x0000000710e00000| Untracked 
| 233|0x0000000710f00000, 0x0000000710f00000, 0x0000000711000000|  0%| F|  |TAMS 0x0000000710f00000, 0x0000000710f00000| Untracked 
| 234|0x0000000711000000, 0x0000000711000000, 0x0000000711100000|  0%| F|  |TAMS 0x0000000711000000, 0x0000000711000000| Untracked 
| 235|0x0000000711100000, 0x0000000711100000, 0x0000000711200000|  0%| F|  |TAMS 0x0000000711100000, 0x0000000711100000| Untracked 
| 236|0x0000000711200000, 0x0000000711200000, 0x0000000711300000|  0%| F|  |TAMS 0x0000000711200000, 0x0000000711200000| Untracked 
| 237|0x0000000711300000, 0x0000000711300000, 0x0000000711400000|  0%| F|  |TAMS 0x0000000711300000, 0x0000000711300000| Untracked 
| 238|0x0000000711400000, 0x0000000711400000, 0x0000000711500000|  0%| F|  |TAMS 0x0000000711400000, 0x0000000711400000| Untracked 
| 239|0x0000000711500000, 0x0000000711500000, 0x0000000711600000|  0%| F|  |TAMS 0x0000000711500000, 0x0000000711500000| Untracked 
| 240|0x0000000711600000, 0x0000000711600000, 0x0000000711700000|  0%| F|  |TAMS 0x0000000711600000, 0x0000000711600000| Untracked 
| 241|0x0000000711700000, 0x0000000711700000, 0x0000000711800000|  0%| F|  |TAMS 0x0000000711700000, 0x0000000711700000| Untracked 
| 242|0x0000000711800000, 0x0000000711800000, 0x0000000711900000|  0%| F|  |TAMS 0x0000000711800000, 0x0000000711800000| Untracked 
| 243|0x0000000711900000, 0x0000000711900000, 0x0000000711a00000|  0%| F|  |TAMS 0x0000000711900000, 0x0000000711900000| Untracked 
| 244|0x0000000711a00000, 0x0000000711a322b0, 0x0000000711b00000| 19%| S|CS|TAMS 0x0000000711a00000, 0x0000000711a00000| Complete 
| 245|0x0000000711b00000, 0x0000000711c00000, 0x0000000711c00000|100%| S|CS|TAMS 0x0000000711b00000, 0x0000000711b00000| Complete 
| 246|0x0000000711c00000, 0x0000000711c00000, 0x0000000711d00000|  0%| F|  |TAMS 0x0000000711c00000, 0x0000000711c00000| Untracked 
| 247|0x0000000711d00000, 0x0000000711d00000, 0x0000000711e00000|  0%| F|  |TAMS 0x0000000711d00000, 0x0000000711d00000| Untracked 
| 248|0x0000000711e00000, 0x0000000711e00000, 0x0000000711f00000|  0%| F|  |TAMS 0x0000000711e00000, 0x0000000711e00000| Untracked 
| 249|0x0000000711f00000, 0x0000000711f00000, 0x0000000712000000|  0%| F|  |TAMS 0x0000000711f00000, 0x0000000711f00000| Untracked 
| 250|0x0000000712000000, 0x0000000712000000, 0x0000000712100000|  0%| F|  |TAMS 0x0000000712000000, 0x0000000712000000| Untracked 
| 251|0x0000000712100000, 0x0000000712100000, 0x0000000712200000|  0%| F|  |TAMS 0x0000000712100000, 0x0000000712100000| Untracked 
| 252|0x0000000712200000, 0x0000000712200000, 0x0000000712300000|  0%| F|  |TAMS 0x0000000712200000, 0x0000000712200000| Untracked 
| 253|0x0000000712300000, 0x0000000712300000, 0x0000000712400000|  0%| F|  |TAMS 0x0000000712300000, 0x0000000712300000| Untracked 

Card table byte_map: [0x0000015134fc0000,0x00000151357b0000] _byte_map_base: 0x00000151317ad000

Marking Bits (Prev, Next): (CMBitMap*) 0x0000015121a246f0, (CMBitMap*) 0x0000015121a246b8
 Prev Bits: [0x0000015139f10000, 0x000001513de78000)
 Next Bits: [0x0000015135fa0000, 0x0000015139f08000)

Polling page: 0x0000015121190000

Metaspace:

Usage:
  Non-class:     30.50 MB capacity,    30.25 MB (>99%) used,   206.23 KB ( <1%) free+waste,    51.81 KB ( <1%) overhead. 
      Class:      4.46 MB capacity,     4.28 MB ( 96%) used,   165.98 KB (  4%) free+waste,    24.56 KB ( <1%) overhead. 
       Both:     34.97 MB capacity,    34.53 MB ( 99%) used,   372.21 KB (  1%) free+waste,    76.38 KB ( <1%) overhead. 

Virtual space:
  Non-class space:       32.00 MB reserved,      30.58 MB ( 96%) committed 
      Class space:        1.00 GB reserved,       4.50 MB ( <1%) committed 
             Both:        1.03 GB reserved,      35.08 MB (  3%) committed 

Chunk freelists:
   Non-Class:  43.00 KB
       Class:  6.00 KB
        Both:  49.00 KB

MaxMetaspaceSize: 17179869184.00 GB
CompressedClassSpaceSize: 1.00 GB

CodeHeap 'non-profiled nmethods': size=120000Kb used=970Kb max_used=970Kb free=119029Kb
 bounds [0x000001512cf70000, 0x000001512d1e0000, 0x00000151344a0000]
CodeHeap 'profiled nmethods': size=120000Kb used=4542Kb max_used=4542Kb free=115457Kb
 bounds [0x0000015125a40000, 0x0000015125eb0000, 0x000001512cf70000]
CodeHeap 'non-nmethods': size=5760Kb used=1177Kb max_used=1224Kb free=4583Kb
 bounds [0x00000151254a0000, 0x0000015125710000, 0x0000015125a40000]
 total_blobs=2942 nmethods=2423 adapters=430
 compilation: enabled
              stopped_count=0, restarted_count=0
 full_count=0

Compilation events (20 events):
Event: 3.833 Thread 0x0000015141318800 nmethod 2415 0x0000015125eac010 code [0x0000015125eac220, 0x0000015125eac658]
Event: 3.833 Thread 0x0000015141318800 2419       3       org.jetbrains.kotlin.protobuf.SmallSortedMap::checkMutable (16 bytes)
Event: 3.833 Thread 0x0000015141318800 nmethod 2419 0x0000015125eac890 code [0x0000015125eaca60, 0x0000015125eacc68]
Event: 3.833 Thread 0x0000015141318800 2425       3       java.nio.charset.Charset::isSupported (13 bytes)
Event: 3.833 Thread 0x0000015141318800 nmethod 2425 0x0000015125eacd10 code [0x0000015125eacec0, 0x0000015125ead028]
Event: 3.833 Thread 0x0000015141318800 2427   !   3       java.lang.StringCoding::lookupCharset (24 bytes)
Event: 3.834 Thread 0x00000151412d1000 nmethod 2431 0x000001512d061e10 code [0x000001512d061fc0, 0x000001512d062158]
Event: 3.834 Thread 0x0000015141318800 nmethod 2427 0x0000015125ead110 code [0x0000015125ead320, 0x0000015125ead7d8]
Event: 3.834 Thread 0x0000015141318800 2428       3       java.lang.StringCoding$StringDecoder::charsetName (31 bytes)
Event: 3.834 Thread 0x0000015141318800 nmethod 2428 0x0000015125eada90 code [0x0000015125eadc60, 0x0000015125eae0c8]
Event: 3.834 Thread 0x0000015141318800 2426       3       java.util.ArrayList::set (24 bytes)
Event: 3.835 Thread 0x0000015141318800 nmethod 2426 0x0000015125eae190 code [0x0000015125eae3c0, 0x0000015125eaedc8]
Event: 3.835 Thread 0x0000015141318800 2412       3       org.jetbrains.kotlin.metadata.ProtoBuf$QualifiedNameTable$QualifiedName$1::parsePartialFrom (11 bytes)
Event: 3.835 Thread 0x0000015141318800 nmethod 2412 0x0000015125eaf110 code [0x0000015125eaf2e0, 0x0000015125eaf4e8]
Event: 3.835 Thread 0x0000015141318800 2429       1       org.jetbrains.kotlin.protobuf.UnmodifiableLazyStringList::access$000 (5 bytes)
Event: 3.835 Thread 0x0000015141318800 nmethod 2429 0x000001512d062310 code [0x000001512d0624c0, 0x000001512d062558]
Event: 3.835 Thread 0x0000015141318800 2430       1       org.jetbrains.kotlin.protobuf.GeneratedMessageLite$ExtensionDescriptor::getNumber (5 bytes)
Event: 3.835 Thread 0x0000015141318800 nmethod 2430 0x000001512d062610 code [0x000001512d0627c0, 0x000001512d062878]
Event: 3.888 Thread 0x0000015141318800 2434       3       java.util.regex.Pattern$Node::<init> (12 bytes)
Event: 3.888 Thread 0x0000015141318800 nmethod 2434 0x0000015125eaf610 code [0x0000015125eaf7c0, 0x0000015125eaf998]

GC Heap History (9 events):
Event: 0.710 GC heap before
{Heap before GC invocations=0 (full 0):
 garbage-first heap   total 260096K, used 27648K [0x0000000702600000, 0x0000000800000000)
  region size 1024K, 24 young (24576K), 0 survivors (0K)
 Metaspace       used 12332K, capacity 12504K, committed 12800K, reserved 1060864K
  class space    used 1160K, capacity 1207K, committed 1280K, reserved 1048576K
}
Event: 0.716 GC heap after
{Heap after GC invocations=1 (full 0):
 garbage-first heap   total 260096K, used 5803K [0x0000000702600000, 0x0000000800000000)
  region size 1024K, 3 young (3072K), 3 survivors (3072K)
 Metaspace       used 12332K, capacity 12504K, committed 12800K, reserved 1060864K
  class space    used 1160K, capacity 1207K, committed 1280K, reserved 1048576K
}
Event: 1.852 GC heap before
{Heap before GC invocations=1 (full 0):
 garbage-first heap   total 260096K, used 40619K [0x0000000702600000, 0x0000000800000000)
  region size 1024K, 38 young (38912K), 3 survivors (3072K)
 Metaspace       used 20878K, capacity 21087K, committed 21296K, reserved 1069056K
  class space    used 2219K, capacity 2312K, committed 2432K, reserved 1048576K
}
Event: 1.868 GC heap after
{Heap after GC invocations=2 (full 0):
 garbage-first heap   total 260096K, used 9125K [0x0000000702600000, 0x0000000800000000)
  region size 1024K, 6 young (6144K), 6 survivors (6144K)
 Metaspace       used 20878K, capacity 21087K, committed 21296K, reserved 1069056K
  class space    used 2219K, capacity 2312K, committed 2432K, reserved 1048576K
}
Event: 3.600 GC heap before
{Heap before GC invocations=3 (full 0):
 garbage-first heap   total 260096K, used 63397K [0x0000000702600000, 0x0000000800000000)
  region size 1024K, 54 young (55296K), 6 survivors (6144K)
 Metaspace       used 33305K, capacity 33716K, committed 33968K, reserved 1079296K
  class space    used 4158K, capacity 4342K, committed 4352K, reserved 1048576K
}
Event: 3.616 GC heap after
{Heap after GC invocations=4 (full 0):
 garbage-first heap   total 260096K, used 19706K [0x0000000702600000, 0x0000000800000000)
  region size 1024K, 7 young (7168K), 7 survivors (7168K)
 Metaspace       used 33305K, capacity 33716K, committed 33968K, reserved 1079296K
  class space    used 4158K, capacity 4342K, committed 4352K, reserved 1048576K
}
Event: 3.748 GC heap before
{Heap before GC invocations=4 (full 0):
 garbage-first heap   total 260096K, used 24826K [0x0000000702600000, 0x0000000800000000)
  region size 1024K, 12 young (12288K), 7 survivors (7168K)
 Metaspace       used 34197K, capacity 34644K, committed 34864K, reserved 1079296K
  class space    used 4249K, capacity 4438K, committed 4480K, reserved 1048576K
}
Event: 3.758 GC heap after
{Heap after GC invocations=5 (full 0):
 garbage-first heap   total 260096K, used 21489K [0x0000000702600000, 0x0000000800000000)
  region size 1024K, 2 young (2048K), 2 survivors (2048K)
 Metaspace       used 34197K, capacity 34644K, committed 34864K, reserved 1079296K
  class space    used 4249K, capacity 4438K, committed 4480K, reserved 1048576K
}
Event: 3.929 GC heap before
{Heap before GC invocations=5 (full 0):
 garbage-first heap   total 260096K, used 26609K [0x0000000702600000, 0x0000000800000000)
  region size 1024K, 8 young (8192K), 2 survivors (2048K)
 Metaspace       used 35358K, capacity 35807K, committed 35920K, reserved 1081344K
  class space    used 4379K, capacity 4570K, committed 4608K, reserved 1048576K
}

Deoptimization events (20 events):
Event: 3.804 Thread 0x00000151219bd800 Uncommon trap: trap_request=0xffffffde fr.pc=0x000001512d02aca4 relative=0x00000000000000e4
Event: 3.804 Thread 0x00000151219bd800 Uncommon trap: reason=class_check action=maybe_recompile pc=0x000001512d02aca4 method=java.util.AbstractList$Itr.next()Ljava/lang/Object; @ 14 c2
Event: 3.804 Thread 0x00000151219bd800 DEOPT PACKING pc=0x000001512d02aca4 sp=0x0000000c1d9fddf0
Event: 3.804 Thread 0x00000151219bd800 DEOPT UNPACKING pc=0x00000151254c7b2f sp=0x0000000c1d9fdd88 mode 2
Event: 3.804 Thread 0x00000151219bd800 Uncommon trap: trap_request=0xffffffde fr.pc=0x000001512d02aca4 relative=0x00000000000000e4
Event: 3.804 Thread 0x00000151219bd800 Uncommon trap: reason=class_check action=maybe_recompile pc=0x000001512d02aca4 method=java.util.AbstractList$Itr.next()Ljava/lang/Object; @ 14 c2
Event: 3.804 Thread 0x00000151219bd800 DEOPT PACKING pc=0x000001512d02aca4 sp=0x0000000c1d9fddf0
Event: 3.804 Thread 0x00000151219bd800 DEOPT UNPACKING pc=0x00000151254c7b2f sp=0x0000000c1d9fdd88 mode 2
Event: 3.804 Thread 0x00000151219bd800 Uncommon trap: trap_request=0xffffffde fr.pc=0x000001512d02aca4 relative=0x00000000000000e4
Event: 3.804 Thread 0x00000151219bd800 Uncommon trap: reason=class_check action=maybe_recompile pc=0x000001512d02aca4 method=java.util.AbstractList$Itr.next()Ljava/lang/Object; @ 14 c2
Event: 3.804 Thread 0x00000151219bd800 DEOPT PACKING pc=0x000001512d02aca4 sp=0x0000000c1d9fddf0
Event: 3.804 Thread 0x00000151219bd800 DEOPT UNPACKING pc=0x00000151254c7b2f sp=0x0000000c1d9fdd88 mode 2
Event: 3.805 Thread 0x00000151219bd800 Uncommon trap: trap_request=0xffffffde fr.pc=0x000001512d04f5a4 relative=0x00000000000004a4
Event: 3.805 Thread 0x00000151219bd800 Uncommon trap: reason=class_check action=maybe_recompile pc=0x000001512d04f5a4 method=org.jetbrains.kotlin.protobuf.CodedInputStream.tryRefillBuffer(I)Z @ 177 c2
Event: 3.805 Thread 0x00000151219bd800 DEOPT PACKING pc=0x000001512d04f5a4 sp=0x0000000c1d9fda80
Event: 3.806 Thread 0x00000151219bd800 DEOPT UNPACKING pc=0x00000151254c7b2f sp=0x0000000c1d9fd968 mode 2
Event: 3.806 Thread 0x00000151219bd800 Uncommon trap: trap_request=0xffffffde fr.pc=0x000001512d04f5a4 relative=0x00000000000004a4
Event: 3.806 Thread 0x00000151219bd800 Uncommon trap: reason=class_check action=maybe_recompile pc=0x000001512d04f5a4 method=org.jetbrains.kotlin.protobuf.CodedInputStream.tryRefillBuffer(I)Z @ 177 c2
Event: 3.806 Thread 0x00000151219bd800 DEOPT PACKING pc=0x000001512d04f5a4 sp=0x0000000c1d9fda80
Event: 3.806 Thread 0x00000151219bd800 DEOPT UNPACKING pc=0x00000151254c7b2f sp=0x0000000c1d9fd968 mode 2

Classes redefined (0 events):
No events

Internal exceptions (20 events):
Event: 1.799 Thread 0x00000151219bd800 Exception <a 'java/lang/NoSuchMethodError'{0x00000007100f80c0}: 'long java.lang.invoke.DirectMethodHandle$Holder.invokeStaticInit(java.lang.Object)'> (0x00000007100f80c0) thrown at [./src/hotspot/share/interpreter/linkResolver.cpp, line 773]
Event: 1.932 Thread 0x00000151219bd800 Exception <a 'java/lang/NoSuchMethodError'{0x00000007122a6198}: 'int java.lang.invoke.DirectMethodHandle$Holder.invokeStaticInit(java.lang.Object, java.lang.Object, java.lang.Object)'> (0x00000007122a6198) thrown at [./src/hotspot/share/interpreter/linkResolver.cpp, line 773]
Event: 1.939 Thread 0x00000151219bd800 Exception <a 'java/lang/NoSuchMethodError'{0x00000007122d1e38}: 'int java.lang.invoke.DirectMethodHandle$Holder.invokeStaticInit(java.lang.Object, java.lang.Object)'> (0x00000007122d1e38) thrown at [./src/hotspot/share/interpreter/linkResolver.cpp, line 773]
Event: 2.033 Thread 0x00000151219bd800 Exception <a 'java/lang/NoSuchMethodError'{0x00000007120e7c48}: 'void java.lang.invoke.DirectMethodHandle$Holder.invokeSpecial(java.lang.Object, java.lang.Object)'> (0x00000007120e7c48) thrown at [./src/hotspot/share/interpreter/linkResolver.cpp, line 773]
Event: 2.329 Thread 0x00000151219bd800 Exception <a 'java/lang/NoSuchMethodError'{0x0000000711718428}: 'java.lang.Object java.lang.invoke.DirectMethodHandle$Holder.invokeStatic(java.lang.Object, java.lang.Object, java.lang.Object, java.lang.Object, java.lang.Object, java.lang.Object, java.lang.Object, java.lang.Object, java.lang.Object, java.lang.Object, java.lang.Object, java.lang.Object, java.lang.Object, java.lang.Object, java.lang.Object)'> (0x0000000711718428) thrown at [./src/hotspot/share/interpreter/linkResolver.cpp, line 773]
Event: 2.331 Thread 0x00000151219bd800 Exception <a 'java/lang/NoSuchMethodError'{0x0000000711726430}: 'java.lang.Object java.lang.invoke.DirectMethodHandle$Holder.invokeStatic(java.lang.Object, java.lang.Object, java.lang.Object, java.lang.Object, java.lang.Object, java.lang.Object, java.lang.Object, java.lang.Object, java.lang.Object, java.lang.Object, java.lang.Object, java.lang.Object, java.lang.Object, java.lang.Object, java.lang.Object, java.lang.Object)'> (0x0000000711726430) thrown at [./src/hotspot/share/interpreter/linkResolver.cpp, l
Event: 2.332 Thread 0x00000151219bd800 Exception <a 'java/lang/NoSuchMethodError'{0x0000000711734348}: 'java.lang.Object java.lang.invoke.DirectMethodHandle$Holder.invokeSpecial(java.lang.Object, java.lang.Object, int, int, java.lang.Object, java.lang.Object, java.lang.Object)'> (0x0000000711734348) thrown at [./src/hotspot/share/interpreter/linkResolver.cpp, line 773]
Event: 2.332 Thread 0x00000151219bd800 Exception <a 'java/lang/NoSuchMethodError'{0x0000000711737b80}: 'java.lang.Object java.lang.invoke.DelegatingMethodHandle$Holder.reinvoke_L(java.lang.Object, int, int, java.lang.Object, java.lang.Object, java.lang.Object)'> (0x0000000711737b80) thrown at [./src/hotspot/share/interpreter/linkResolver.cpp, line 773]
Event: 2.334 Thread 0x00000151219bd800 Exception <a 'java/lang/NoSuchMethodError'{0x000000071173bf08}: 'java.lang.Object java.lang.invoke.DirectMethodHandle$Holder.invokeStatic(java.lang.Object, java.lang.Object, java.lang.Object, java.lang.Object, int)'> (0x000000071173bf08) thrown at [./src/hotspot/share/interpreter/linkResolver.cpp, line 773]
Event: 2.413 Thread 0x00000151219bd800 Exception <a 'sun/nio/fs/WindowsException'{0x000000071167c268}> (0x000000071167c268) thrown at [./src/hotspot/share/prims/jni.cpp, line 615]
Event: 2.413 Thread 0x00000151219bd800 Exception <a 'sun/nio/fs/WindowsException'{0x000000071167cb20}> (0x000000071167cb20) thrown at [./src/hotspot/share/prims/jni.cpp, line 615]
Event: 2.414 Thread 0x00000151219bd800 Exception <a 'sun/nio/fs/WindowsException'{0x000000071167d3e8}> (0x000000071167d3e8) thrown at [./src/hotspot/share/prims/jni.cpp, line 615]
Event: 2.414 Thread 0x00000151219bd800 Exception <a 'sun/nio/fs/WindowsException'{0x000000071167de28}> (0x000000071167de28) thrown at [./src/hotspot/share/prims/jni.cpp, line 615]
Event: 2.414 Thread 0x00000151219bd800 Exception <a 'sun/nio/fs/WindowsException'{0x000000071167e770}> (0x000000071167e770) thrown at [./src/hotspot/share/prims/jni.cpp, line 615]
Event: 2.415 Thread 0x00000151219bd800 Exception <a 'sun/nio/fs/WindowsException'{0x000000071167f0e8}> (0x000000071167f0e8) thrown at [./src/hotspot/share/prims/jni.cpp, line 615]
Event: 2.418 Thread 0x00000151219bd800 Exception <a 'java/lang/NoSuchMethodError'{0x0000000711685de0}: 'void java.lang.invoke.DirectMethodHandle$Holder.invokeStatic(java.lang.Object, java.lang.Object, java.lang.Object, java.lang.Object)'> (0x0000000711685de0) thrown at [./src/hotspot/share/interpreter/linkResolver.cpp, line 773]
Event: 2.546 Thread 0x00000151219bd800 Exception <a 'java/lang/NoSuchMethodError'{0x000000071126a6c8}: 'void java.lang.invoke.DirectMethodHandle$Holder.invokeStaticInit(java.lang.Object, java.lang.Object)'> (0x000000071126a6c8) thrown at [./src/hotspot/share/interpreter/linkResolver.cpp, line 773]
Event: 2.704 Thread 0x00000151219bd800 Exception <a 'java/lang/NoSuchMethodError'{0x0000000710e92400}: 'void java.lang.invoke.DirectMethodHandle$Holder.invokeVirtual(java.lang.Object, java.lang.Object)'> (0x0000000710e92400) thrown at [./src/hotspot/share/interpreter/linkResolver.cpp, line 773]
Event: 2.721 Thread 0x00000151219bd800 Exception <a 'java/lang/NoSuchMethodError'{0x0000000710d05330}: 'int java.lang.invoke.DirectMethodHandle$Holder.invokeVirtual(java.lang.Object, java.lang.Object)'> (0x0000000710d05330) thrown at [./src/hotspot/share/interpreter/linkResolver.cpp, line 773]
Event: 3.782 Thread 0x00000151219bd800 Exception <a 'java/lang/NoSuchMethodError'{0x00000007123a32d8}: 'java.lang.Object java.lang.invoke.DirectMethodHandle$Holder.invokeVirtual(java.lang.Object, java.lang.Object, java.lang.Object)'> (0x00000007123a32d8) thrown at [./src/hotspot/share/interpreter/linkResolver.cpp, line 773]

Events (20 events):
Event: 3.923 loading class org/jetbrains/kotlin/resolve/calls/checkers/ReifiedTypeParameterSubstitutionChecker done
Event: 3.923 loading class org/jetbrains/kotlin/diagnostics/Diagnostic
Event: 3.923 loading class org/jetbrains/kotlin/diagnostics/Diagnostic done
Event: 3.923 loading class org/jetbrains/kotlin/resolve/checkers/MissingDependencySupertypeChecker$ForCalls
Event: 3.923 loading class org/jetbrains/kotlin/resolve/checkers/MissingDependencySupertypeChecker$ForCalls done
Event: 3.925 loading class org/jetbrains/kotlin/resolve/calls/checkers/AbstractClassInstantiationChecker
Event: 3.925 loading class org/jetbrains/kotlin/resolve/calls/checkers/AbstractClassInstantiationChecker done
Event: 3.925 loading class org/jetbrains/kotlin/resolve/calls/checkers/SuspendConversionCallChecker
Event: 3.925 loading class org/jetbrains/kotlin/resolve/calls/checkers/SuspendConversionCallChecker done
Event: 3.926 loading class org/jetbrains/kotlin/resolve/calls/checkers/UnitConversionCallChecker
Event: 3.926 loading class org/jetbrains/kotlin/resolve/calls/checkers/UnitConversionCallChecker done
Event: 3.926 loading class org/jetbrains/kotlin/resolve/calls/checkers/FunInterfaceConstructorReferenceChecker
Event: 3.926 loading class org/jetbrains/kotlin/resolve/calls/checkers/FunInterfaceConstructorReferenceChecker done
Event: 3.927 loading class org/jetbrains/kotlin/resolve/checkers/NullableExtensionOperatorWithSafeCallChecker
Event: 3.927 loading class org/jetbrains/kotlin/resolve/checkers/NullableExtensionOperatorWithSafeCallChecker done
Event: 3.928 loading class org/jetbrains/kotlin/resolve/calls/checkers/ReferencingToUnderscoreNamedParameterOfCatchBlockChecker
Event: 3.928 loading class org/jetbrains/kotlin/resolve/calls/checkers/ReferencingToUnderscoreNamedParameterOfCatchBlockChecker done
Event: 3.928 loading class org/jetbrains/kotlin/resolve/calls/checkers/VarargWrongExecutionOrderChecker
Event: 3.928 loading class org/jetbrains/kotlin/resolve/calls/checkers/VarargWrongExecutionOrderChecker done
Event: 3.929 Executing VM operation: CollectForMetadataAllocation


Dynamic libraries:
0x00007ff64ac80000 - 0x00007ff64ac8a000 	C:\Program Files\Android\Android Studio\jre\bin\java.exe
0x00007ffa89f10000 - 0x00007ffa8a105000 	C:\WINDOWS\SYSTEM32\ntdll.dll
0x00007ffa88bb0000 - 0x00007ffa88c6e000 	C:\WINDOWS\System32\KERNEL32.DLL
0x00007ffa87a50000 - 0x00007ffa87d18000 	C:\WINDOWS\System32\KERNELBASE.dll
0x00007ffa815b0000 - 0x00007ffa81640000 	C:\WINDOWS\SYSTEM32\apphelp.dll
0x00007ffa87620000 - 0x00007ffa87720000 	C:\WINDOWS\System32\ucrtbase.dll
0x00007ffa692b0000 - 0x00007ffa692c7000 	C:\Program Files\Android\Android Studio\jre\bin\VCRUNTIME140.dll
0x00007ffa77420000 - 0x00007ffa77439000 	C:\Program Files\Android\Android Studio\jre\bin\jli.dll
0x00007ffa89ab0000 - 0x00007ffa89c51000 	C:\WINDOWS\System32\USER32.dll
0x00007ffa87d20000 - 0x00007ffa87d42000 	C:\WINDOWS\System32\win32u.dll
0x00007ffa5fe20000 - 0x00007ffa600ba000 	C:\WINDOWS\WinSxS\amd64_microsoft.windows.common-controls_6595b64144ccf1df_6.0.19041.1110_none_60b5254171f9507e\COMCTL32.dll
0x00007ffa888d0000 - 0x00007ffa888fb000 	C:\WINDOWS\System32\GDI32.dll
0x00007ffa88c70000 - 0x00007ffa88d0e000 	C:\WINDOWS\System32\msvcrt.dll
0x00007ffa87e40000 - 0x00007ffa87f4d000 	C:\WINDOWS\System32\gdi32full.dll
0x00007ffa87da0000 - 0x00007ffa87e3d000 	C:\WINDOWS\System32\msvcp_win.dll
0x00007ffa88730000 - 0x00007ffa88760000 	C:\WINDOWS\System32\IMM32.DLL
0x00007ffa5e820000 - 0x00007ffa5e8bd000 	C:\Program Files\Android\Android Studio\jre\bin\msvcp140.dll
0x00007ffa08fd0000 - 0x00007ffa09a9f000 	C:\Program Files\Android\Android Studio\jre\bin\server\jvm.dll
0x00007ffa887c0000 - 0x00007ffa8886e000 	C:\WINDOWS\System32\ADVAPI32.dll
0x00007ffa890d0000 - 0x00007ffa8916c000 	C:\WINDOWS\System32\sechost.dll
0x00007ffa889b0000 - 0x00007ffa88ad5000 	C:\WINDOWS\System32\RPCRT4.dll
0x00007ffa88e60000 - 0x00007ffa88e68000 	C:\WINDOWS\System32\PSAPI.DLL
0x00007ffa7e1e0000 - 0x00007ffa7e207000 	C:\WINDOWS\SYSTEM32\WINMM.dll
0x00007ffa69830000 - 0x00007ffa69839000 	C:\WINDOWS\SYSTEM32\WSOCK32.dll
0x00007ffa7df00000 - 0x00007ffa7df0a000 	C:\WINDOWS\SYSTEM32\VERSION.dll
0x00007ffa88b40000 - 0x00007ffa88bab000 	C:\WINDOWS\System32\WS2_32.dll
0x00007ffa85ef0000 - 0x00007ffa85f02000 	C:\WINDOWS\SYSTEM32\kernel.appcore.dll
0x00007ffa7ada0000 - 0x00007ffa7adb1000 	C:\Program Files\Android\Android Studio\jre\bin\verify.dll
0x00007ffa85c80000 - 0x00007ffa85e64000 	C:\WINDOWS\SYSTEM32\DBGHELP.DLL
0x00007ffa78590000 - 0x00007ffa785bc000 	C:\WINDOWS\SYSTEM32\dbgcore.DLL
0x00007ffa87780000 - 0x00007ffa87802000 	C:\WINDOWS\System32\bcryptPrimitives.dll
0x00007ffa778f0000 - 0x00007ffa77919000 	C:\Program Files\Android\Android Studio\jre\bin\java.dll
0x00007ffa7ad90000 - 0x00007ffa7ad9b000 	C:\Program Files\Android\Android Studio\jre\bin\jimage.dll
0x00007ffa774d0000 - 0x00007ffa774e8000 	C:\Program Files\Android\Android Studio\jre\bin\zip.dll
0x00007ffa89240000 - 0x00007ffa89984000 	C:\WINDOWS\System32\SHELL32.dll
0x00007ffa85420000 - 0x00007ffa85bb5000 	C:\WINDOWS\SYSTEM32\windows.storage.dll
0x00007ffa883d0000 - 0x00007ffa88725000 	C:\WINDOWS\System32\combase.dll
0x00007ffa87070000 - 0x00007ffa8709e000 	C:\WINDOWS\SYSTEM32\Wldp.dll
0x00007ffa88900000 - 0x00007ffa889ad000 	C:\WINDOWS\System32\SHCORE.dll
0x00007ffa88df0000 - 0x00007ffa88e45000 	C:\WINDOWS\System32\shlwapi.dll
0x00007ffa87560000 - 0x00007ffa8757f000 	C:\WINDOWS\SYSTEM32\profapi.dll
0x00007ffa774b0000 - 0x00007ffa774ca000 	C:\Program Files\Android\Android Studio\jre\bin\net.dll
0x00007ffa75f60000 - 0x00007ffa7606c000 	C:\WINDOWS\SYSTEM32\WINHTTP.dll
0x00007ffa86dd0000 - 0x00007ffa86e3a000 	C:\WINDOWS\system32\mswsock.dll
0x00007ffa76a10000 - 0x00007ffa76a24000 	C:\Program Files\Android\Android Studio\jre\bin\nio.dll

dbghelp: loaded successfully - version: 4.0.5 - missing functions: none
symbol engine: initialized successfully - sym options: 0x614 - pdb path: .;C:\Program Files\Android\Android Studio\jre\bin;C:\WINDOWS\SYSTEM32;C:\WINDOWS\WinSxS\amd64_microsoft.windows.common-controls_6595b64144ccf1df_6.0.19041.1110_none_60b5254171f9507e;C:\Program Files\Android\Android Studio\jre\bin\server

VM Arguments:
java_command: org.jetbrains.kotlin.cli.jvm.K2JVMCompiler @C:\Users\clemence.nadaud\AndroidStudioProjects\AndroidERestaurant\app\build\20220125_8090750814637694680.compiler.options
java_class_path (initial): C:\Users\clemence.nadaud\.gradle\caches\modules-2\files-2.1\org.jetbrains.kotlin\kotlin-compiler-embeddable\1.6.10\88f2073f4020cdb83132cfe940ceb9a60aba54ea\kotlin-compiler-embeddable-1.6.10.jar;C:\Users\clemence.nadaud\.gradle\caches\modules-2\files-2.1\org.jetbrains.kotlin\kotlin-reflect\1.6.10\1cbe9c92c12a94eea200d23c2bbaedaf3daf5132\kotlin-reflect-1.6.10.jar;C:\Users\clemence.nadaud\.gradle\caches\modules-2\files-2.1\org.jetbrains.kotlin\kotlin-stdlib\1.6.10\b8af3fe6f1ca88526914929add63cf5e7c5049af\kotlin-stdlib-1.6.10.jar;C:\Users\clemence.nadaud\.gradle\caches\modules-2\files-2.1\org.jetbrains.kotlin\kotlin-script-runtime\1.6.10\d0a7ff2e2500ef497ed0214ae40ad3c8387a6164\kotlin-script-runtime-1.6.10.jar;C:\Users\clemence.nadaud\.gradle\caches\modules-2\files-2.1\org.jetbrains.kotlin\kotlin-daemon-embeddable\1.6.10\a56d79bcbea411fa6058e4ecffc2de73e742bd2a\kotlin-daemon-embeddable-1.6.10.jar;C:\Users\clemence.nadaud\.gradle\caches\modules-2\files-2.1\org.jetbrains.intellij.deps\trove4j\1.0.20181211\216c2e14b070f334479d800987affe4054cd563f\trove4j-1.0.20181211.jar;C:\Users\clemence.nadaud\.gradle\caches\modules-2\files-2.1\net.java.dev.jna\jna\5.6.0\330f2244e9030119ab3030fc3fededc86713d9cc\jna-5.6.0.jar;C:\Users\clemence.nadaud\.gradle\caches\modules-2\files-2.1\org.jetbrains\annotations\13.0\919f0dfe192fb4e063e7dacadee7f8bb9a2672a9\annotations-13.0.jar;C:\Users\clemence.nadaud\.gradle\caches\modules-2\files-2.1\org.jetbrains.kotlin\kotlin-stdlib-common\1.6.10\c118700e3a33c8a0d9adc920e9dec0831171925\kotlin-stdlib-common-1.6.10.jar
Launcher Type: SUN_STANDARD

[Global flags]
     intx CICompilerCount                          = 4                                         {product} {ergonomic}
     uint ConcGCThreads                            = 2                                         {product} {ergonomic}
     uint G1ConcRefinementThreads                  = 8                                         {product} {ergonomic}
   size_t G1HeapRegionSize                         = 1048576                                   {product} {ergonomic}
    uintx GCDrainStackTargetSize                   = 64                                        {product} {ergonomic}
   size_t InitialHeapSize                          = 266338304                                 {product} {ergonomic}
   size_t MarkStackSize                            = 4194304                                   {product} {ergonomic}
   size_t MaxHeapSize                              = 4255121408                                {product} {ergonomic}
   size_t MaxNewSize                               = 2552233984                                {product} {ergonomic}
   size_t MinHeapDeltaBytes                        = 1048576                                   {product} {ergonomic}
    uintx NonNMethodCodeHeapSize                   = 5836300                                {pd product} {ergonomic}
    uintx NonProfiledCodeHeapSize                  = 122910970                              {pd product} {ergonomic}
    uintx ProfiledCodeHeapSize                     = 122910970                              {pd product} {ergonomic}
    uintx ReservedCodeCacheSize                    = 251658240                              {pd product} {ergonomic}
     bool SegmentedCodeCache                       = true                                      {product} {ergonomic}
     bool UseCompressedClassPointers               = true                                 {lp64_product} {ergonomic}
     bool UseCompressedOops                        = true                                 {lp64_product} {ergonomic}
     bool UseG1GC                                  = true                                      {product} {ergonomic}
     bool UseLargePagesIndividualAllocation        = false                                  {pd product} {ergonomic}

Logging:
Log output configuration:
 #0: stdout all=warning uptime,level,tags
 #1: stderr all=off uptime,level,tags

Environment Variables:
PATH=C:\Program Files (x86)\VMware\VMware Player\bin\;C:\ProgramData\Oracle\Java\javapath;C:\WINDOWS\system32;C:\WINDOWS;C:\WINDOWS\System32\Wbem;C:\WINDOWS\System32\WindowsPowerShell\v1.0\;C:\WINDOWS\System32\OpenSSH\;C:\Program Files\PuTTY\;C:\Program Files\Microsoft SQL Server\Client SDK\ODBC\110\Tools\Binn\;C:\Program Files (x86)\Microsoft SQL Server\120\Tools\Binn\;C:\Program Files\Microsoft SQL Server\120\Tools\Binn\;C:\Program Files\Microsoft SQL Server\120\DTS\Binn\;C:\Program Files (x86)\Microsoft SQL Server\120\Tools\Binn\ManagementStudio\;C:\Program Files (x86)\Microsoft SQL Server\120\DTS\Binn\;C:\Program Files\nodejs\;C:\Program Files\Git\cmd;C:\Program Files\Kubernetes\Minikube;C:\Users\clemence.nadaud\AppData\Roaming\local\bin;C:\altera\91\modelsim_ase\win32aloem;C:\Users\clemence.nadaud\AppData\Local\Microsoft\WindowsApps;C:\MinGW\bin;C:\Users\clemence.nadaud\AppData\Local\GitHubDesktop\bin;C:\Users\clemence.nadaud\AppData\Local\Microsoft\WindowsApps;C:\Program Files (x86)\Nmap;C:\Users\clemence.nadaud\AppData\Local\Programs\Microsoft VS Code\bin;C:\Users\clemence.nadaud\AppData\Roaming\npm;C:\Users\clemence.nadaud\AppData\Local\Programs\Python\Python310\;;C:\Program Files\Docker Toolbox
USERNAME=clemence.nadaud
OS=Windows_NT
PROCESSOR_IDENTIFIER=Intel64 Family 6 Model 142 Stepping 10, GenuineIntel



---------------  S Y S T E M  ---------------

OS: Windows 10 , 64 bit Build 19041 (10.0.19041.1466)
OS uptime: 9 days 18:04 hours

CPU:total 8 (initial active 8) (4 cores per cpu, 2 threads per core) family 6 model 142 stepping 10 microcode 0xb4, cmov, cx8, fxsr, mmx, sse, sse2, sse3, ssse3, sse4.1, sse4.2, popcnt, avx, avx2, aes, clmul, erms, 3dnowpref, lzcnt, ht, tsc, tscinvbit, bmi1, bmi2, adx, fma

Memory: 4k page, system-wide physical 16231M (787M free)
TotalPageFile size 34813M (AvailPageFile size 41M)
current process WorkingSet (physical memory assigned to process): 212M, peak: 218M
current process commit charge ("private bytes"): 424M, peak: 475M

vm_info: OpenJDK 64-Bit Server VM (11.0.10+0-b96-7249189) for windows-amd64 JRE (11.0.10+0-b96-7249189), built on Mar 31 2021 21:44:00 by "builder" with MS VC++ 14.0 (VS2015)

END.
